app/build/outputs/logs/manifest-merger-debug-report.txt
-- Merging decision tree log ---
manifest
ADDED from src/main/AndroidManifest.xml:2:1-1183:12
	package
		ADDED from src/main/AndroidManifest.xml:3:5-26
		INJECTED from src/main/AndroidManifest.xml
		INJECTED from src/main/AndroidManifest.xml
	android:versionName
		ADDED from src/main/AndroidManifest.xml:6:5-32
		INJECTED from src/main/AndroidManifest.xml
		INJECTED from src/main/AndroidManifest.xml
	android:versionCode
		ADDED from src/main/AndroidManifest.xml:5:5-28
		INJECTED from src/main/AndroidManifest.xml
		INJECTED from src/main/AndroidManifest.xml
	xmlns:android
		ADDED from src/main/AndroidManifest.xml:2:11-69
	android:installLocation
		ADDED from src/main/AndroidManifest.xml:4:5-43
uses-sdk
ADDED from src/main/AndroidManifest.xml:10:5-12:41
MERGED from [com.android.support:appcompat-v7:22.2.1] AndroidManifest.xml:20:5-43
MERGED from [com.android.support:support-v4:22.2.1] AndroidManifest.xml:20:5-43
MERGED from [com.github.siyamed:android-shape-imageview:0.9.3] AndroidManifest.xml:8:5-10:41
	android:targetSdkVersion
		ADDED from src/main/AndroidManifest.xml:12:9-38
		INJECTED from src/main/AndroidManifest.xml
		INJECTED from src/main/AndroidManifest.xml
	android:minSdkVersion
		ADDED from src/main/AndroidManifest.xml:11:9-35
		INJECTED from src/main/AndroidManifest.xml
		INJECTED from src/main/AndroidManifest.xml
uses-permission#android.permission.SEND_SMS
ADDED from src/main/AndroidManifest.xml:14:5-67
	android:name
		ADDED from src/main/AndroidManifest.xml:14:22-64
uses-permission#android.permission.WRITE_SMS
ADDED from src/main/AndroidManifest.xml:15:5-68
	android:name
		ADDED from src/main/AndroidManifest.xml:15:22-65
uses-permission#android.permission.READ_SMS
ADDED from src/main/AndroidManifest.xml:16:5-67
	android:name
		ADDED from src/main/AndroidManifest.xml:16:22-64
uses-permission#android.permission.RECEIVE_SMS
ADDED from src/main/AndroidManifest.xml:17:5-70
	android:name
		ADDED from src/main/AndroidManifest.xml:17:22-67
uses-permission#android.permission.INTERNET
ADDED from src/main/AndroidManifest.xml:20:5-67
	android:name
		ADDED from src/main/AndroidManifest.xml:20:22-64
uses-permission#android.permission.RECORD_AUDIO
ADDED from src/main/AndroidManifest.xml:22:5-71
	android:name
		ADDED from src/main/AndroidManifest.xml:22:22-68
uses-permission#android.permission.READ_PHONE_STATE
ADDED from src/main/AndroidManifest.xml:24:5-75
	android:name
		ADDED from src/main/AndroidManifest.xml:24:22-72
uses-permission#android.permission.ACCESS_WIFI_STATE
ADDED from src/main/AndroidManifest.xml:26:5-92
	android:name
		ADDED from src/main/AndroidManifest.xml:26:22-73
uses-permission#android.permission.ACCESS_NETWORK_STATE
ADDED from src/main/AndroidManifest.xml:27:5-95
	android:name
		ADDED from src/main/AndroidManifest.xml:27:22-76
uses-permission#android.permission.CHANGE_WIFI_STATE
ADDED from src/main/AndroidManifest.xml:28:5-92
	android:name
		ADDED from src/main/AndroidManifest.xml:28:22-73
uses-permission#android.permission.ACCESS_FINE_LOCATION
ADDED from src/main/AndroidManifest.xml:30:5-95
	android:name
		ADDED from src/main/AndroidManifest.xml:30:22-76
uses-permission#android.permission.VIBRATE
ADDED from src/main/AndroidManifest.xml:32:5-66
	android:name
		ADDED from src/main/AndroidManifest.xml:32:22-63
uses-permission#android.permission.ACCESS_COARSE_LOCATION
ADDED from src/main/AndroidManifest.xml:43:5-97
	android:name
		ADDED from src/main/AndroidManifest.xml:43:22-78
uses-permission#android.permission.ACCES_MOCK_LOCATION
ADDED from src/main/AndroidManifest.xml:44:5-94
	android:name
		ADDED from src/main/AndroidManifest.xml:44:22-75
uses-permission#android.permission.ACCESS_GPS
ADDED from src/main/AndroidManifest.xml:45:5-69
	android:name
		ADDED from src/main/AndroidManifest.xml:45:22-66
uses-permission#android.permission.RESTART_PACKAGES
ADDED from src/main/AndroidManifest.xml:46:5-75
	android:name
		ADDED from src/main/AndroidManifest.xml:46:22-72
uses-permission#android.permission.WRITE_EXTERNAL_STORAGE
ADDED from src/main/AndroidManifest.xml:48:5-97
	android:name
		ADDED from src/main/AndroidManifest.xml:48:22-78
uses-permission#android.permission.MOUNT_UNMOUNT_FILESYSTEMS
ADDED from src/main/AndroidManifest.xml:49:5-100
	android:name
		ADDED from src/main/AndroidManifest.xml:49:22-81
uses-permission#android.permission.READ_LOGS
ADDED from src/main/AndroidManifest.xml:50:5-84
	android:name
		ADDED from src/main/AndroidManifest.xml:50:22-65
uses-permission#android.permission.READ_EXTERNAL_STORAGE
ADDED from src/main/AndroidManifest.xml:51:5-80
	android:name
		ADDED from src/main/AndroidManifest.xml:51:22-77
uses-permission#com.android.launcher.permission.INSTALL_SHORTCUT
ADDED from src/main/AndroidManifest.xml:53:5-88
	android:name
		ADDED from src/main/AndroidManifest.xml:53:22-85
uses-permission#android.permission.CAMERA
ADDED from src/main/AndroidManifest.xml:54:5-81
	android:name
		ADDED from src/main/AndroidManifest.xml:54:22-62
uses-permission#android.permission.GET_TASKS
ADDED from src/main/AndroidManifest.xml:55:5-68
	android:name
		ADDED from src/main/AndroidManifest.xml:55:22-65
uses-permission#android.permission.DISABLE_KEYGUARD
ADDED from src/main/AndroidManifest.xml:57:5-91
	android:name
		ADDED from src/main/AndroidManifest.xml:57:22-72
uses-permission#android.permission.WAKE_LOCK
ADDED from src/main/AndroidManifest.xml:59:5-68
	android:name
		ADDED from src/main/AndroidManifest.xml:59:22-65
uses-feature#android.hardware.camera
ADDED from src/main/AndroidManifest.xml:61:5-60
	android:name
		ADDED from src/main/AndroidManifest.xml:61:19-57
uses-feature#android.hardware.camera.autofocus
ADDED from src/main/AndroidManifest.xml:62:5-70
	android:name
		ADDED from src/main/AndroidManifest.xml:62:19-67
uses-permission#android.permission.READ_CONTACTS
ADDED from src/main/AndroidManifest.xml:64:5-72
	android:name
		ADDED from src/main/AndroidManifest.xml:64:22-69
uses-permission#android.permission.WRITE_CONTACTS
ADDED from src/main/AndroidManifest.xml:65:5-73
	android:name
		ADDED from src/main/AndroidManifest.xml:65:22-70
uses-permission#android.permission.SYSTEM_ALERT_WINDOW
ADDED from src/main/AndroidManifest.xml:68:5-78
	android:name
		ADDED from src/main/AndroidManifest.xml:68:22-75
uses-permission#android.permission.RECEIVE_BOOT_COMPLETED
ADDED from src/main/AndroidManifest.xml:71:5-81
	android:name
		ADDED from src/main/AndroidManifest.xml:71:22-78
uses-permission#android.permission.WRITE_SETTINGS
ADDED from src/main/AndroidManifest.xml:72:5-73
	android:name
		ADDED from src/main/AndroidManifest.xml:72:22-70
uses-permission#android.permission.RECEIVE_USER_PRESENT
ADDED from src/main/AndroidManifest.xml:73:5-79
	android:name
		ADDED from src/main/AndroidManifest.xml:73:22-76
uses-permission#android.permission.KILL_BACKGROUND_PROCESSES
ADDED from src/main/AndroidManifest.xml:74:5-84
	android:name
		ADDED from src/main/AndroidManifest.xml:74:22-81
uses-permission#android.permission.BLUETOOTH
ADDED from src/main/AndroidManifest.xml:77:5-68
	android:name
		ADDED from src/main/AndroidManifest.xml:77:22-65
uses-permission#android.permission.BATTERY_STATS
ADDED from src/main/AndroidManifest.xml:78:5-72
	android:name
		ADDED from src/main/AndroidManifest.xml:78:22-69
uses-permission#android.permission.FLASHLIGHT
ADDED from src/main/AndroidManifest.xml:79:5-69
	android:name
		ADDED from src/main/AndroidManifest.xml:79:22-66
application
ADDED from src/main/AndroidManifest.xml:81:5-1171:19
MERGED from [com.android.support:appcompat-v7:22.2.1] AndroidManifest.xml:22:5-20
MERGED from [com.android.support:support-v4:22.2.1] AndroidManifest.xml:22:5-20
	android:label
		ADDED from src/main/AndroidManifest.xml:84:9-41
	android:icon
		ADDED from src/main/AndroidManifest.xml:83:9-38
	android:persistent
		ADDED from src/main/AndroidManifest.xml:85:9-34
	android:name
		ADDED from src/main/AndroidManifest.xml:82:9-46
meta-data#com.baidu.lbsapi.API_KEY
ADDED from src/main/AndroidManifest.xml:102:9-104:56
	android:value
		ADDED from src/main/AndroidManifest.xml:104:13-53
	android:name
		ADDED from src/main/AndroidManifest.xml:103:13-52
uses-library#android.test.runner
ADDED from src/main/AndroidManifest.xml:106:9-60
	android:name
		ADDED from src/main/AndroidManifest.xml:106:23-57
activity#com.cedarhd.GuideActivity
ADDED from src/main/AndroidManifest.xml:108:9-111:78
	android:label
		ADDED from src/main/AndroidManifest.xml:110:13-45
	android:theme
		ADDED from src/main/AndroidManifest.xml:111:13-66
	android:name
		ADDED from src/main/AndroidManifest.xml:109:13-53
activity#com.cedarhd.NavActivity
ADDED from src/main/AndroidManifest.xml:112:9-122:20
	android:screenOrientation
		ADDED from src/main/AndroidManifest.xml:116:13-49
	android:label
		ADDED from src/main/AndroidManifest.xml:114:13-45
	android:launchMode
		ADDED from src/main/AndroidManifest.xml:115:13-44
	android:theme
		ADDED from src/main/AndroidManifest.xml:117:13-60
	android:name
		ADDED from src/main/AndroidManifest.xml:113:13-51
intent-filter#android.intent.action.MAIN+android.intent.category.LAUNCHER
ADDED from src/main/AndroidManifest.xml:118:13-121:29
action#android.intent.action.MAIN
ADDED from src/main/AndroidManifest.xml:119:17-69
	android:name
		ADDED from src/main/AndroidManifest.xml:119:25-66
category#android.intent.category.LAUNCHER
ADDED from src/main/AndroidManifest.xml:120:17-77
	android:name
		ADDED from src/main/AndroidManifest.xml:120:27-74
activity#com.cedarhd.LoginActivity
ADDED from src/main/AndroidManifest.xml:123:9-128:72
	android:screenOrientation
		ADDED from src/main/AndroidManifest.xml:127:13-49
	android:label
		ADDED from src/main/AndroidManifest.xml:125:13-45
	android:launchMode
		ADDED from src/main/AndroidManifest.xml:126:13-44
	android:theme
		ADDED from src/main/AndroidManifest.xml:128:13-60
	android:name
		ADDED from src/main/AndroidManifest.xml:124:13-53
activity#com.cedarhd.InviteDownloadActivity02
ADDED from src/main/AndroidManifest.xml:129:9-132:72
	android:screenOrientation
		ADDED from src/main/AndroidManifest.xml:131:13-49
	android:theme
		ADDED from src/main/AndroidManifest.xml:132:13-60
	android:name
		ADDED from src/main/AndroidManifest.xml:130:13-64
activity#com.cedarhd.MenuActivity
ADDED from src/main/AndroidManifest.xml:133:9-137:72
	android:screenOrientation
		ADDED from src/main/AndroidManifest.xml:136:13-49
	android:launchMode
		ADDED from src/main/AndroidManifest.xml:135:13-44
	android:theme
		ADDED from src/main/AndroidManifest.xml:137:13-60
	android:name
		ADDED from src/main/AndroidManifest.xml:134:13-52
activity#com.cedarhd.SpaceFragmentActivity
ADDED from src/main/AndroidManifest.xml:138:9-141:72
	android:screenOrientation
		ADDED from src/main/AndroidManifest.xml:140:13-49
	android:theme
		ADDED from src/main/AndroidManifest.xml:141:13-60
	android:name
		ADDED from src/main/AndroidManifest.xml:139:13-61
activity#com.cedarhd.MenuNewActivity
ADDED from src/main/AndroidManifest.xml:142:9-146:72
	android:screenOrientation
		ADDED from src/main/AndroidManifest.xml:145:13-49
	android:launchMode
		ADDED from src/main/AndroidManifest.xml:144:13-44
	android:theme
		ADDED from src/main/AndroidManifest.xml:146:13-60
	android:name
		ADDED from src/main/AndroidManifest.xml:143:13-55
activity#com.cedarhd.TabMainActivity
ADDED from src/main/AndroidManifest.xml:147:9-151:72
	android:screenOrientation
		ADDED from src/main/AndroidManifest.xml:150:13-49
	android:launchMode
		ADDED from src/main/AndroidManifest.xml:149:13-44
	android:theme
		ADDED from src/main/AndroidManifest.xml:151:13-60
	android:name
		ADDED from src/main/AndroidManifest.xml:148:13-55
activity#com.cedarhd.SettingAvatarActivity
ADDED from src/main/AndroidManifest.xml:152:9-155:72
	android:screenOrientation
		ADDED from src/main/AndroidManifest.xml:154:13-49
	android:theme
		ADDED from src/main/AndroidManifest.xml:155:13-60
	android:name
		ADDED from src/main/AndroidManifest.xml:153:13-61
activity#com.cedarhd.SetPasswordActivity
ADDED from src/main/AndroidManifest.xml:156:9-159:72
	android:screenOrientation
		ADDED from src/main/AndroidManifest.xml:158:13-49
	android:theme
		ADDED from src/main/AndroidManifest.xml:159:13-60
	android:name
		ADDED from src/main/AndroidManifest.xml:157:13-59
activity#com.cedarhd.SettingUserInfoActivity
ADDED from src/main/AndroidManifest.xml:160:9-163:72
	android:screenOrientation
		ADDED from src/main/AndroidManifest.xml:162:13-49
	android:theme
		ADDED from src/main/AndroidManifest.xml:163:13-60
	android:name
		ADDED from src/main/AndroidManifest.xml:161:13-63
activity#com.cedarhd.TagActivity
ADDED from src/main/AndroidManifest.xml:164:9-169:72
	android:screenOrientation
		ADDED from src/main/AndroidManifest.xml:168:13-49
	android:launchMode
		ADDED from src/main/AndroidManifest.xml:167:13-44
	android:configChanges
		ADDED from src/main/AndroidManifest.xml:166:13-74
	android:theme
		ADDED from src/main/AndroidManifest.xml:169:13-60
	android:name
		ADDED from src/main/AndroidManifest.xml:165:13-51
activity#com.cedarhd.NoticeListActivity
ADDED from src/main/AndroidManifest.xml:170:9-174:72
	android:screenOrientation
		ADDED from src/main/AndroidManifest.xml:173:13-49
	android:launchMode
		ADDED from src/main/AndroidManifest.xml:172:13-44
	android:theme
		ADDED from src/main/AndroidManifest.xml:174:13-60
	android:name
		ADDED from src/main/AndroidManifest.xml:171:13-58
activity#com.viewpagerindicator.samples.SampleTabsDefaultActivity
ADDED from src/main/AndroidManifest.xml:175:9-177:61
	android:screenOrientation
		ADDED from src/main/AndroidManifest.xml:177:13-49
	android:name
		ADDED from src/main/AndroidManifest.xml:176:13-84
activity#com.viewpagerindicator.samples.SampleTabsStyled
ADDED from src/main/AndroidManifest.xml:178:9-180:61
	android:screenOrientation
		ADDED from src/main/AndroidManifest.xml:180:13-49
	android:name
		ADDED from src/main/AndroidManifest.xml:179:13-75
activity#com.cedarhd.NoticeActivity
ADDED from src/main/AndroidManifest.xml:181:9-185:72
	android:screenOrientation
		ADDED from src/main/AndroidManifest.xml:184:13-49
	android:configChanges
		ADDED from src/main/AndroidManifest.xml:183:13-63
	android:theme
		ADDED from src/main/AndroidManifest.xml:185:13-60
	android:name
		ADDED from src/main/AndroidManifest.xml:182:13-54
activity#com.cedarhd.NoticeNewActivity
ADDED from src/main/AndroidManifest.xml:186:9-189:72
	android:screenOrientation
		ADDED from src/main/AndroidManifest.xml:188:13-49
	android:theme
		ADDED from src/main/AndroidManifest.xml:189:13-60
	android:name
		ADDED from src/main/AndroidManifest.xml:187:13-57
activity#com.cedarhd.WorkLogActivity
ADDED from src/main/AndroidManifest.xml:190:9-193:72
	android:screenOrientation
		ADDED from src/main/AndroidManifest.xml:192:13-49
	android:theme
		ADDED from src/main/AndroidManifest.xml:193:13-60
	android:name
		ADDED from src/main/AndroidManifest.xml:191:13-55
activity#com.cedarhd.WorkLogSearchActivity
ADDED from src/main/AndroidManifest.xml:194:9-197:72
	android:screenOrientation
		ADDED from src/main/AndroidManifest.xml:196:13-49
	android:theme
		ADDED from src/main/AndroidManifest.xml:197:13-60
	android:name
		ADDED from src/main/AndroidManifest.xml:195:13-61
activity#com.cedarhd.CustomerListActivity
ADDED from src/main/AndroidManifest.xml:198:9-202:72
	android:screenOrientation
		ADDED from src/main/AndroidManifest.xml:201:13-49
	android:launchMode
		ADDED from src/main/AndroidManifest.xml:200:13-44
	android:theme
		ADDED from src/main/AndroidManifest.xml:202:13-60
	android:name
		ADDED from src/main/AndroidManifest.xml:199:13-60
activity#com.cedarhd.CustomerDetailActivity
ADDED from src/main/AndroidManifest.xml:203:9-206:72
	android:screenOrientation
		ADDED from src/main/AndroidManifest.xml:205:13-49
	android:theme
		ADDED from src/main/AndroidManifest.xml:206:13-60
	android:name
		ADDED from src/main/AndroidManifest.xml:204:13-62
activity#com.cedarhd.SalesManagementListActivity
ADDED from src/main/AndroidManifest.xml:207:9-210:72
	android:screenOrientation
		ADDED from src/main/AndroidManifest.xml:209:13-49
	android:theme
		ADDED from src/main/AndroidManifest.xml:210:13-60
	android:name
		ADDED from src/main/AndroidManifest.xml:208:13-67
activity#com.cedarhd.SalesChanceListActivity
ADDED from src/main/AndroidManifest.xml:211:9-214:72
	android:screenOrientation
		ADDED from src/main/AndroidManifest.xml:213:13-49
	android:theme
		ADDED from src/main/AndroidManifest.xml:214:13-60
	android:name
		ADDED from src/main/AndroidManifest.xml:212:13-63
activity#com.cedarhd.CustomerNewActivity
ADDED from src/main/AndroidManifest.xml:215:9-218:72
	android:screenOrientation
		ADDED from src/main/AndroidManifest.xml:217:13-49
	android:theme
		ADDED from src/main/AndroidManifest.xml:218:13-60
	android:name
		ADDED from src/main/AndroidManifest.xml:216:13-59
activity#com.cedarhd.SalesChanceDetailActivity
ADDED from src/main/AndroidManifest.xml:219:9-222:72
	android:screenOrientation
		ADDED from src/main/AndroidManifest.xml:221:13-49
	android:theme
		ADDED from src/main/AndroidManifest.xml:222:13-60
	android:name
		ADDED from src/main/AndroidManifest.xml:220:13-65
activity#com.cedarhd.ContactHistoryActivity
ADDED from src/main/AndroidManifest.xml:229:9-232:72
	android:screenOrientation
		ADDED from src/main/AndroidManifest.xml:231:13-49
	android:theme
		ADDED from src/main/AndroidManifest.xml:232:13-60
	android:name
		ADDED from src/main/AndroidManifest.xml:230:13-62
activity#com.cedarhd.SignListActivity
ADDED from src/main/AndroidManifest.xml:233:9-236:72
	android:screenOrientation
		ADDED from src/main/AndroidManifest.xml:235:13-49
	android:theme
		ADDED from src/main/AndroidManifest.xml:236:13-60
	android:name
		ADDED from src/main/AndroidManifest.xml:234:13-56
activity#com.cedarhd.SignActivity
ADDED from src/main/AndroidManifest.xml:237:9-240:72
	android:screenOrientation
		ADDED from src/main/AndroidManifest.xml:239:13-49
	android:theme
		ADDED from src/main/AndroidManifest.xml:240:13-60
	android:name
		ADDED from src/main/AndroidManifest.xml:238:13-52
activity#com.cedarhd.User_SelectActivityNew
ADDED from src/main/AndroidManifest.xml:241:9-244:72
	android:screenOrientation
		ADDED from src/main/AndroidManifest.xml:243:13-49
	android:windowSoftInputMode
		ADDED from src/main/AndroidManifest.xml:244:13-60
	android:name
		ADDED from src/main/AndroidManifest.xml:242:13-62
activity#com.cedarhd.CheckBoxListViewActivity
ADDED from src/main/AndroidManifest.xml:245:9-248:72
	android:screenOrientation
		ADDED from src/main/AndroidManifest.xml:247:13-49
	android:theme
		ADDED from src/main/AndroidManifest.xml:248:13-60
	android:name
		ADDED from src/main/AndroidManifest.xml:246:13-64
activity#com.cedarhd.Common_Sort_SelectActivity
ADDED from src/main/AndroidManifest.xml:249:9-252:72
	android:screenOrientation
		ADDED from src/main/AndroidManifest.xml:251:13-49
	android:theme
		ADDED from src/main/AndroidManifest.xml:252:13-60
	android:name
		ADDED from src/main/AndroidManifest.xml:250:13-66
activity#com.cedarhd.ScheduleManagementActivity
ADDED from src/main/AndroidManifest.xml:253:9-256:72
	android:screenOrientation
		ADDED from src/main/AndroidManifest.xml:255:13-49
	android:theme
		ADDED from src/main/AndroidManifest.xml:256:13-60
	android:name
		ADDED from src/main/AndroidManifest.xml:254:13-66
activity#com.cedarhd.ScheduleListActivity
ADDED from src/main/AndroidManifest.xml:257:9-260:72
	android:screenOrientation
		ADDED from src/main/AndroidManifest.xml:259:13-49
	android:theme
		ADDED from src/main/AndroidManifest.xml:260:13-60
	android:name
		ADDED from src/main/AndroidManifest.xml:258:13-60
activity#com.cedarhd.TagSalaryListActivity
ADDED from src/main/AndroidManifest.xml:261:9-264:72
	android:screenOrientation
		ADDED from src/main/AndroidManifest.xml:263:13-49
	android:theme
		ADDED from src/main/AndroidManifest.xml:264:13-60
	android:name
		ADDED from src/main/AndroidManifest.xml:262:13-61
activity#com.cedarhd.TagSalaryInfoActivity
ADDED from src/main/AndroidManifest.xml:265:9-268:72
	android:screenOrientation
		ADDED from src/main/AndroidManifest.xml:267:13-49
	android:theme
		ADDED from src/main/AndroidManifest.xml:268:13-60
	android:name
		ADDED from src/main/AndroidManifest.xml:266:13-61
activity#com.cedarhd.TagMapActivity
ADDED from src/main/AndroidManifest.xml:269:9-272:72
	android:screenOrientation
		ADDED from src/main/AndroidManifest.xml:271:13-49
	android:theme
		ADDED from src/main/AndroidManifest.xml:272:13-60
	android:name
		ADDED from src/main/AndroidManifest.xml:270:13-54
activity#com.cedarhd.AskForLeaveListActivity
ADDED from src/main/AndroidManifest.xml:273:9-276:72
	android:screenOrientation
		ADDED from src/main/AndroidManifest.xml:275:13-49
	android:windowSoftInputMode
		ADDED from src/main/AndroidManifest.xml:276:13-60
	android:name
		ADDED from src/main/AndroidManifest.xml:274:13-63
activity#com.cedarhd.AskForLeaveInfoActivity
ADDED from src/main/AndroidManifest.xml:277:9-280:72
	android:screenOrientation
		ADDED from src/main/AndroidManifest.xml:279:13-49
	android:theme
		ADDED from src/main/AndroidManifest.xml:280:13-60
	android:name
		ADDED from src/main/AndroidManifest.xml:278:13-63
activity#com.cedarhd.CreateVmDetailsFormActivity
ADDED from src/main/AndroidManifest.xml:283:9-285:72
	android:theme
		ADDED from src/main/AndroidManifest.xml:285:13-60
	android:name
		ADDED from src/main/AndroidManifest.xml:284:13-67
activity#com.cedarhd.CreateVmDetailsFormAddRowActivity
ADDED from src/main/AndroidManifest.xml:286:9-289:72
	android:screenOrientation
		ADDED from src/main/AndroidManifest.xml:288:13-49
	android:theme
		ADDED from src/main/AndroidManifest.xml:289:13-60
	android:name
		ADDED from src/main/AndroidManifest.xml:287:13-73
activity#com.cedarhd.CreateVmFormActivity
ADDED from src/main/AndroidManifest.xml:290:9-293:72
	android:screenOrientation
		ADDED from src/main/AndroidManifest.xml:292:13-49
	android:theme
		ADDED from src/main/AndroidManifest.xml:293:13-60
	android:name
		ADDED from src/main/AndroidManifest.xml:291:13-60
activity#com.cedarhd.SmsActity
ADDED from src/main/AndroidManifest.xml:294:9-297:72
	android:screenOrientation
		ADDED from src/main/AndroidManifest.xml:296:13-49
	android:theme
		ADDED from src/main/AndroidManifest.xml:297:13-60
	android:name
		ADDED from src/main/AndroidManifest.xml:295:13-49
activity#com.cedarhd.InvitationActivity
ADDED from src/main/AndroidManifest.xml:298:9-301:78
	android:screenOrientation
		ADDED from src/main/AndroidManifest.xml:300:13-49
	android:theme
		ADDED from src/main/AndroidManifest.xml:301:13-66
	android:name
		ADDED from src/main/AndroidManifest.xml:299:13-58
activity#com.cedarhd.Invitation_infoActivity
ADDED from src/main/AndroidManifest.xml:302:9-305:78
	android:screenOrientation
		ADDED from src/main/AndroidManifest.xml:304:13-49
	android:theme
		ADDED from src/main/AndroidManifest.xml:305:13-66
	android:name
		ADDED from src/main/AndroidManifest.xml:303:13-63
activity#com.cedarhd.RecordActivity
ADDED from src/main/AndroidManifest.xml:306:9-309:78
	android:screenOrientation
		ADDED from src/main/AndroidManifest.xml:308:13-49
	android:theme
		ADDED from src/main/AndroidManifest.xml:309:13-66
	android:name
		ADDED from src/main/AndroidManifest.xml:307:13-54
activity#com.cedarhd.DiamondDetailsActivity
ADDED from src/main/AndroidManifest.xml:310:9-313:78
	android:screenOrientation
		ADDED from src/main/AndroidManifest.xml:312:13-49
	android:theme
		ADDED from src/main/AndroidManifest.xml:313:13-66
	android:name
		ADDED from src/main/AndroidManifest.xml:311:13-62
activity#com.cedarhd.AlarmActivity
ADDED from src/main/AndroidManifest.xml:314:9-317:72
	android:label
		ADDED from src/main/AndroidManifest.xml:316:13-57
	android:theme
		ADDED from src/main/AndroidManifest.xml:317:13-60
	android:name
		ADDED from src/main/AndroidManifest.xml:315:13-53
service#com.cedarhd.services.DynamicRemindService
ADDED from src/main/AndroidManifest.xml:321:9-77
	android:name
		ADDED from src/main/AndroidManifest.xml:321:18-74
service#com.cedarhd.services.PhoneService
ADDED from src/main/AndroidManifest.xml:322:9-69
	android:name
		ADDED from src/main/AndroidManifest.xml:322:18-66
service#com.cedarhd.services.TaskAlarmService
ADDED from src/main/AndroidManifest.xml:323:9-73
	android:name
		ADDED from src/main/AndroidManifest.xml:323:18-70
service#com.cedarhd.helpers.DownloadIntentService
ADDED from src/main/AndroidManifest.xml:324:9-77
	android:name
		ADDED from src/main/AndroidManifest.xml:324:18-74
service#com.baidu.location.f
ADDED from src/main/AndroidManifest.xml:326:9-329:49
	android:enabled
		ADDED from src/main/AndroidManifest.xml:328:13-35
	android:process
		ADDED from src/main/AndroidManifest.xml:329:13-38
	android:name
		ADDED from src/main/AndroidManifest.xml:327:13-48
activity#com.cedarhd.OrderListActivity
ADDED from src/main/AndroidManifest.xml:331:9-334:72
	android:label
		ADDED from src/main/AndroidManifest.xml:333:13-57
	android:theme
		ADDED from src/main/AndroidManifest.xml:334:13-60
	android:name
		ADDED from src/main/AndroidManifest.xml:332:13-57
activity#com.cedarhd.OrderActivity
ADDED from src/main/AndroidManifest.xml:335:9-338:72
	android:label
		ADDED from src/main/AndroidManifest.xml:337:13-57
	android:theme
		ADDED from src/main/AndroidManifest.xml:338:13-60
	android:name
		ADDED from src/main/AndroidManifest.xml:336:13-53
activity#com.cedarhd.TaskListActivityNew
ADDED from src/main/AndroidManifest.xml:339:9-343:72
	android:screenOrientation
		ADDED from src/main/AndroidManifest.xml:342:13-49
	android:launchMode
		ADDED from src/main/AndroidManifest.xml:341:13-44
	android:theme
		ADDED from src/main/AndroidManifest.xml:343:13-60
	android:name
		ADDED from src/main/AndroidManifest.xml:340:13-59
activity#com.cedarhd.TaskInfoActivity
ADDED from src/main/AndroidManifest.xml:344:9-347:72
	android:screenOrientation
		ADDED from src/main/AndroidManifest.xml:346:13-49
	android:theme
		ADDED from src/main/AndroidManifest.xml:347:13-60
	android:name
		ADDED from src/main/AndroidManifest.xml:345:13-56
activity#com.cedarhd.TaskNewActivity
ADDED from src/main/AndroidManifest.xml:348:9-351:72
	android:screenOrientation
		ADDED from src/main/AndroidManifest.xml:350:13-49
	android:theme
		ADDED from src/main/AndroidManifest.xml:351:13-60
	android:name
		ADDED from src/main/AndroidManifest.xml:349:13-55
activity#com.cedarhd.ErpOrderListActivity
ADDED from src/main/AndroidManifest.xml:352:9-355:72
	android:screenOrientation
		ADDED from src/main/AndroidManifest.xml:354:13-49
	android:theme
		ADDED from src/main/AndroidManifest.xml:355:13-60
	android:name
		ADDED from src/main/AndroidManifest.xml:353:13-60
activity#com.cedarhd.ClientListActivity
ADDED from src/main/AndroidManifest.xml:356:9-359:72
	android:screenOrientation
		ADDED from src/main/AndroidManifest.xml:358:13-49
	android:theme
		ADDED from src/main/AndroidManifest.xml:359:13-60
	android:name
		ADDED from src/main/AndroidManifest.xml:357:13-58
activity#com.cedarhd.ClientConstactListActivity
ADDED from src/main/AndroidManifest.xml:360:9-363:72
	android:screenOrientation
		ADDED from src/main/AndroidManifest.xml:362:13-49
	android:theme
		ADDED from src/main/AndroidManifest.xml:363:13-60
	android:name
		ADDED from src/main/AndroidManifest.xml:361:13-66
activity#com.cedarhd.ClientInfoActivity
ADDED from src/main/AndroidManifest.xml:364:9-367:72
	android:screenOrientation
		ADDED from src/main/AndroidManifest.xml:366:13-49
	android:theme
		ADDED from src/main/AndroidManifest.xml:367:13-60
	android:name
		ADDED from src/main/AndroidManifest.xml:365:13-58
activity#com.cedarhd.DepartmentActivity
ADDED from src/main/AndroidManifest.xml:368:9-371:72
	android:screenOrientation
		ADDED from src/main/AndroidManifest.xml:370:13-49
	android:theme
		ADDED from src/main/AndroidManifest.xml:371:13-60
	android:name
		ADDED from src/main/AndroidManifest.xml:369:13-58
activity#com.cedarhd.SelectDepartmnetActivity
ADDED from src/main/AndroidManifest.xml:372:9-375:72
	android:screenOrientation
		ADDED from src/main/AndroidManifest.xml:374:13-49
	android:theme
		ADDED from src/main/AndroidManifest.xml:375:13-60
	android:name
		ADDED from src/main/AndroidManifest.xml:373:13-64
activity#com.cedarhd.DepartmentActivity1
ADDED from src/main/AndroidManifest.xml:376:9-379:72
	android:screenOrientation
		ADDED from src/main/AndroidManifest.xml:378:13-49
	android:theme
		ADDED from src/main/AndroidManifest.xml:379:13-60
	android:name
		ADDED from src/main/AndroidManifest.xml:377:13-59
activity#com.cedarhd.ClientConstactNewActivity
ADDED from src/main/AndroidManifest.xml:380:9-383:72
	android:screenOrientation
		ADDED from src/main/AndroidManifest.xml:382:13-49
	android:theme
		ADDED from src/main/AndroidManifest.xml:383:13-60
	android:name
		ADDED from src/main/AndroidManifest.xml:381:13-65
activity#com.cedarhd.SaleChanceListActivity
ADDED from src/main/AndroidManifest.xml:384:9-387:72
	android:label
		ADDED from src/main/AndroidManifest.xml:386:13-63
	android:theme
		ADDED from src/main/AndroidManifest.xml:387:13-60
	android:name
		ADDED from src/main/AndroidManifest.xml:385:13-62
activity#com.cedarhd.SaleChanceInfoActivity
ADDED from src/main/AndroidManifest.xml:388:9-391:72
	android:label
		ADDED from src/main/AndroidManifest.xml:390:13-68
	android:theme
		ADDED from src/main/AndroidManifest.xml:391:13-60
	android:name
		ADDED from src/main/AndroidManifest.xml:389:13-62
activity#com.cedarhd.AdvertisementActivity
ADDED from src/main/AndroidManifest.xml:392:9-395:72
	android:label
		ADDED from src/main/AndroidManifest.xml:394:13-65
	android:theme
		ADDED from src/main/AndroidManifest.xml:395:13-60
	android:name
		ADDED from src/main/AndroidManifest.xml:393:13-61
activity#com.cedarhd.SettingActivity
ADDED from src/main/AndroidManifest.xml:396:9-399:72
	android:label
		ADDED from src/main/AndroidManifest.xml:398:13-59
	android:theme
		ADDED from src/main/AndroidManifest.xml:399:13-60
	android:name
		ADDED from src/main/AndroidManifest.xml:397:13-55
activity#com.cedarhd.ClientConstactInfoActivity